"../../../../Pixelate/Game design elements/unreal sessions/NewMigratedCity/Content/StarterContent/Audio/Explosion01.uasset" 0
"../../../../Pixelate/Game design elements/unreal sessions/NewMigratedCity/Content/StarterContent/Audio/Explosion02.uasset" 1
"../../../Engine/Content/Animation/DefaultAnimCurveCompressionSettings.uasset" 2
"../../../Engine/Content/Functions/Engine_MaterialFunctions01/Opacity/CameraDepthFade.uasset" 3
"../../../Engine/Content/EngineMaterials/T_Default_Material_Grid_M.uasset" 4
"../../../Engine/Content/EngineMaterials/T_Default_Material_Grid_N.uasset" 5
"../../../Engine/Content/EngineMaterials/WorldGridMaterial.uasset" 6
"../../../Engine/Content/ArtTools/RenderToTexture/Meshes/S_1_Unit_Plane.uasset" 7
"../../../Engine/Content/EngineMaterials/DefaultMaterial.uasset" 8
"../../../Engine/Content/BasicShapes/Sphere.uasset" 9
"../../../Engine/Content/EditorLandscapeResources/DataLayer.uasset" 10
"../../../Engine/Content/EditorMaterials/GizmoMaterial.uasset" 11
"../../../Engine/Content/EditorMaterials/MAT_Groups_Toggle.uasset" 12
"../../../Engine/Content/EditorMaterials/MAT_Groups_Visibility.uasset" 13
"../../../Engine/Content/EditorMaterials/PreviewShadowIndicator.uasset" 14
"../../../Engine/Content/EditorMaterials/PreviewShadowIndicatorMaterial.uasset" 15
"../../../Engine/Content/EditorMaterials/MatineeGroups/MAT_ColorTrack.uasset" 16
"../../../Engine/Content/EditorMaterials/MatineeGroups/MAT_Groups_Anim.uasset" 17
"../../../Engine/Content/EditorMaterials/MatineeGroups/MAT_Groups_AudioMaster.uasset" 18
"../../../Engine/Content/EditorMaterials/MatineeGroups/MAT_Groups_Director.uasset" 19
"../../../Engine/Content/EditorMaterials/MatineeGroups/MAT_Groups_Event.uasset" 20
"../../../Engine/Content/EditorMaterials/MatineeGroups/MAT_Groups_Fade.uasset" 21
"../../../Engine/Content/EditorMaterials/MatineeGroups/MAT_Groups_Float.uasset" 22
"../../../Engine/Content/EditorMaterials/MatineeGroups/MAT_Groups_Move.uasset" 23
"../../../Engine/Content/EditorMaterials/MatineeGroups/MAT_Groups_Slomo.uasset" 24
"../../../Engine/Content/EditorMaterials/MatineeGroups/MAT_Groups_Sound.uasset" 25
"../../../Engine/Content/EditorMaterials/MatineeGroups/MAT_Groups_Vector.uasset" 26
"../../../Engine/Content/EditorMaterials/ParticleSystems/PSysThumbnail_NoImage.uasset" 27
"../../../Engine/Content/EditorMaterials/ParticleSystems/PSysThumbnail_OOD.uasset" 28
"../../../Engine/Content/EditorMaterials/Camera/CineMat.uasset" 29
"../../../Engine/Content/EditorMaterials/Camera/MI_CineMat_Rig.uasset" 30
"../../../Engine/Content/EditorMeshes/Camera/SM_CraneRig_Arm.uasset" 31
"../../../Engine/Content/EditorMeshes/Camera/SM_CraneRig_Base.uasset" 32
"../../../Engine/Content/EditorMeshes/Camera/SM_CraneRig_Body.uasset" 33
"../../../Engine/Content/EditorMeshes/Camera/SM_CraneRig_Mount.uasset" 34
"../../../Engine/Content/EditorMeshes/Camera/SM_RailRig_Mount.uasset" 35
"../../../Engine/Content/EditorMeshes/Camera/SM_RailRig_Track.uasset" 36
"../../../Engine/Content/EditorResources/BSPVertex.uasset" 37
"../../../Engine/Content/EditorResources/S_Actor.uasset" 38
"../../../Engine/Content/EditorResources/S_Note.uasset" 39
"../../../Engine/Content/EditorResources/S_Solver.uasset" 40
"../../../Engine/Content/EditorResources/S_Trigger.uasset" 41
"../../../Engine/Content/EditorResources/SequenceRecorder/Countdown.uasset" 42
"../../../Engine/Content/EditorResources/SequenceRecorder/RecordingIndicator.uasset" 43
"../../../Engine/Content/EditorSounds/Notifications/CompileFailed.uasset" 44
"../../../Engine/Content/EditorSounds/Notifications/CompileFailed_Cue.uasset" 45
"../../../Engine/Content/EditorSounds/Notifications/CompileSuccess.uasset" 46
"../../../Engine/Content/EditorSounds/Notifications/CompileStart_Cue.uasset" 47
"../../../Engine/Content/EditorSounds/Notifications/CompileSuccess_Cue.uasset" 48
"../../../Engine/Content/EngineDamageTypes/DmgTypeBP_Environmental.uasset" 49
"../../../Engine/Content/EngineDebugMaterials/HeatmapGradient.uasset" 50
"../../../Engine/Content/EngineDebugMaterials/BoneWeightMaterial.uasset" 51
"../../../Engine/Content/EngineDebugMaterials/ClothMaterial.uasset" 52
"../../../Engine/Content/EngineDebugMaterials/ClothMaterial_WF.uasset" 53
"../../../Engine/Content/EngineDebugMaterials/DebugEditorMaterial.uasset" 54
"../../../Engine/Content/EngineDebugMaterials/DebugMeshMaterial.uasset" 55
"../../../Engine/Content/EngineDebugMaterials/GeomMaterial.uasset" 56
"../../../Engine/Content/EngineDebugMaterials/M_SimpleTranslucent.uasset" 57
"../../../Engine/Content/Functions/Engine_MaterialFunctions02/Utility/CameraDirectionVector.uasset" 58
"../../../Engine/Content/EngineDebugMaterials/VolumeToRender.uasset" 59
"../../../Engine/Content/EngineDebugMaterials/M_VolumeRenderSphereTracePP.uasset" 60
"../../../Engine/Content/EngineDebugMaterials/WireframeMaterial.uasset" 61
"../../../Engine/Content/EngineFonts/Faces/RobotoBold.uasset" 62
"../../../Engine/Content/EngineFonts/Faces/RobotoBoldItalic.uasset" 63
"../../../Engine/Content/EngineFonts/Faces/RobotoItalic.uasset" 64
"../../../Engine/Content/EngineFonts/Faces/RobotoLight.uasset" 65
"../../../Engine/Content/EngineFonts/Faces/RobotoRegular.uasset" 66
"../../../Engine/Content/EngineFonts/Roboto.uasset" 67
"../../../Engine/Content/EngineFonts/Faces/RobotoTiny.uasset" 68
"../../../Engine/Content/EngineFonts/RobotoTiny.uasset" 69
"../../../Engine/Content/EngineMaterials/BaseFlattenDiffuseMap.uasset" 70
"../../../Engine/Content/EngineMaterials/BaseFlattenEmissiveMap.uasset" 71
"../../../Engine/Content/EngineMaterials/BaseFlattenGrayscaleMap.uasset" 72
"../../../Engine/Content/EngineMaterials/BaseFlattenNormalMap.uasset" 73
"../../../Engine/Content/EngineMaterials/BaseFlattenMaterial.uasset" 74
"../../../Engine/Content/EngineMaterials/BlueNoise.uasset" 75
"../../../Engine/Content/EngineMaterials/DefaultBloomKernel.uasset" 76
"../../../Engine/Content/EngineMaterials/DefaultBokeh.uasset" 77
"../../../Engine/Content/EngineMaterials/DefaultDiffuse.uasset" 78
"../../../Engine/Content/EngineMaterials/DefaultDeferredDecalMaterial.uasset" 79
"../../../Engine/Content/EngineMaterials/DefaultLightFunctionMaterial.uasset" 80
"../../../Engine/Content/Functions/Engine_MaterialFunctions02/Utility/BreakOutFloat2Components.uasset" 81
"../../../Engine/Content/EngineMaterials/DefaultPostProcessMaterial.uasset" 82
"../../../Engine/Content/EngineFonts/RobotoDistanceField.uasset" 83
"../../../Engine/Content/EngineMaterials/DefaultTextMaterialOpaque.uasset" 84
"../../../Engine/Content/EngineMaterials/DefaultVirtualTextureMaterial.uasset" 85
"../../../Engine/Content/EngineMaterials/DefaultWhiteGrid.uasset" 86
"../../../Engine/Content/EngineMaterials/EditorBrushMaterial.uasset" 87
"../../../Engine/Content/EngineMaterials/DefaultWhiteGrid_Low.uasset" 88
"../../../Engine/Content/EngineMaterials/EmissiveMeshMaterial.uasset" 89
"../../../Engine/Content/EngineMaterials/Good64x64TilingNoiseHighFreq.uasset" 90
"../../../Engine/Content/EngineMaterials/MiniFont.uasset" 91
"../../../Engine/Content/EngineMaterials/InvalidLightmapSettings.uasset" 92
"../../../Engine/Content/EngineMaterials/M_InvalidLightmapSettings.uasset" 93
"../../../Engine/Content/Functions/Engine_MaterialFunctions02/WorldPositionOffset/CameraOffset.uasset" 94
"../../../Engine/Content/EngineMaterials/PhAT_JointLimitMaterial.uasset" 95
"../../../Engine/Content/EngineMaterials/PreintegratedSkinBRDF.uasset" 96
"../../../Engine/Content/EngineMaterials/RemoveSurfaceMaterial.uasset" 97
"../../../Engine/Content/EngineMaterials/WeightMapPlaceholderTexture.uasset" 98
"../../../Engine/Content/EngineResources/WhiteSquareTexture.uasset" 99
"../../../Engine/Content/EngineMaterials/Widget3DPassThrough.uasset" 100
"../../../Engine/Content/EngineMaterials/Widget3DPassThrough_Masked.uasset" 101
"../../../Engine/Content/EngineMaterials/Widget3DPassThrough_Opaque.uasset" 102
"../../../Engine/Content/EngineMaterials/Widget3DPassThrough_Masked_OneSided.uasset" 103
"../../../Engine/Content/EngineMaterials/Widget3DPassThrough_Opaque_OneSided.uasset" 104
"../../../Engine/Content/EngineMaterials/Widget3DPassThrough_Translucent.uasset" 105
"../../../Engine/Content/EngineMaterials/Widget3DPassThrough_Translucent_OneSided.uasset" 106
"../../../Engine/Content/EngineMeshes/Cylinder.uasset" 107
"../../../Engine/Content/EngineMeshes/Sphere.uasset" 108
"../../../Engine/Content/EngineResources/Black.uasset" 109
"../../../Engine/Content/EngineResources/DefaultTexture.uasset" 110
"../../../Engine/Content/EngineResources/DefaultTextureCube.uasset" 111
"../../../Engine/Content/EngineResources/DefaultVolumeTexture2D.uasset" 112
"../../../Engine/Content/EngineResources/DefaultVolumeTexture.uasset" 113
"../../../Engine/Content/EngineResources/GradientTexture0.uasset" 114
"../../../Engine/Content/EngineSounds/Master.uasset" 115
"../../../Engine/Content/Functions/Engine_MaterialFunctions01/Shading/ConvertFromDiffSpec.uasset" 116
"../../../Engine/Content/Functions/Engine_MaterialFunctions01/Shading/PowerToRoughness.uasset" 117
"../../../Engine/Content/Maps/Templates/Thumbnails/Default.uasset" 118
"../../../Engine/Content/Maps/Templates/Thumbnails/VR-Basic.uasset" 119
"../../../Engine/Content/MobileResources/T_MobileControls_texture.uasset" 120
"../../../Engine/Content/MobileResources/T_MobileMenu2.uasset" 121
"../../../Engine/Content/MobileResources/HUD/AnalogHat.uasset" 122
"../../../Engine/Content/MobileResources/HUD/VirtualJoystick_Background.uasset" 123
"../../../Engine/Content/MobileResources/HUD/VirtualJoystick_Thumb.uasset" 124
"../../../Engine/Content/MobileResources/HUD/DefaultVirtualJoysticks.uasset" 125
"../../../Engine/Content/MobileResources/HUD/LeftVirtualJoystickOnly.uasset" 126
"../../../Engine/Content/MobileResources/HUD/MobileHUDButton1_off.uasset" 127
"../../../Engine/Content/MobileResources/HUD/MobileHUDButton1_on.uasset" 128
"../../../Engine/Content/MobileResources/HUD/MobileHUDButton2_off.uasset" 129
"../../../Engine/Content/MobileResources/HUD/MobileHUDButton2_on.uasset" 130
"../../../Engine/Content/MobileResources/HUD/MobileHUDButton3.uasset" 131
"../../../Engine/Content/MobileResources/HUD/MobileHUDButtonFire.uasset" 132
"../../../Engine/Content/MobileResources/HUD/MobileHUDDirectionPad.uasset" 133
"../../../Engine/Content/MobileResources/HUD/MobileHUDDirectionPad2.uasset" 134
"../../../Engine/Content/MobileResources/HUD/MobileHUDDirectionPad3.uasset" 135
"../../../Engine/Content/MobileResources/HUD/MobileHUDDirectionStick.uasset" 136
"../../../Engine/Content/MobileResources/HUD/T_Castle_ThumbstickInner.uasset" 137
"../../../Engine/Content/MobileResources/HUD/T_Castle_ThumbstickOutter.uasset" 138
"../../../Engine/Content/Tutorial/ContentIntroCurve.uasset" 139
"../../../Engine/Content/Tutorial/Basics/LevelEditorAttract.uasset" 140
"../../../Engine/Content/VREditor/LaserPointer/VR_LaserPower_01.uasset" 141
"../../../Engine/Content/VREditor/TransformGizmo/TransformGizmoMaterial.uasset" 142
"../../../Engine/Content/VREditor/TransformGizmo/TranslucentTransformGizmoMaterial.uasset" 143
"../../../Engine/Content/VREditor/TransformGizmo/BoundingBoxCorner.uasset" 144
"../../../Engine/Content/VREditor/TransformGizmo/BoundingBoxEdge.uasset" 145
"../../../Engine/Content/VREditor/TransformGizmo/PlaneTranslationHandle.uasset" 146
"../../../Engine/Content/VREditor/TransformGizmo/Main.uasset" 147
"../../../Engine/Content/VREditor/TransformGizmo/Xray.uasset" 148
"../../../Engine/Content/VREditor/TransformGizmo/SM_Sequencer_Key.uasset" 149
"../../../Engine/Content/VREditor/TransformGizmo/SM_Sequencer_Node.uasset" 150
"../../Plugins/2D/Paper2D/Content/PlaceholderTextures/DummySpriteTexture.uasset" 151
"../../Plugins/2D/Paper2D/Content/DummySprite.uasset" 152
"../../Plugins/2D/Paper2D/Content/DefaultPaperTerrainMaterial.uasset" 153
"../../Plugins/2D/Paper2D/Content/DummySpriteTexture.uasset" 154
"../../Plugins/2D/Paper2D/Content/DefaultSpriteMaterial.uasset" 155
"../../Plugins/2D/Paper2D/Content/MaskedUnlitSpriteMaterial.uasset" 156
"../../Plugins/2D/Paper2D/Content/OpaqueUnlitSpriteMaterial.uasset" 157
"../../Plugins/Runtime/Oculus/OculusVR/Content/OculusMR_RenderTarget.uasset" 158
"../../../Engine/Content/Functions/Engine_MaterialFunctions02/Utility/BreakOutFloat4Components.uasset" 159
"../../../Engine/Content/Functions/Engine_MaterialFunctions02/Utility/MakeFloat2.uasset" 160
"../../../Engine/Content/Functions/Engine_MaterialFunctions02/Utility/MakeFloat3.uasset" 161
"../../Plugins/Runtime/Oculus/OculusVR/Content/Materials/OculusMR_ChromaKey.uasset" 162
"../../Plugins/Runtime/Oculus/OculusVR/Content/Materials/OculusMR_ChromaKey_Lit.uasset" 163
"../../Plugins/Runtime/Oculus/OculusVR/Content/Materials/OculusMR_OpaqueColoredMaterial.uasset" 164
"../../Plugins/Runtime/Oculus/OculusVR/Content/Materials/OculusMR_WhiteMaterial.uasset" 165
"../../../../Pixelate/Game design elements/unreal sessions/NewMigratedCity/Content/Main/Maps/MainMenu_Map_BuiltData.uasset" 166
"../../../../Pixelate/Game design elements/unreal sessions/NewMigratedCity/Content/Main/Widgets/MainMenu_HUD.uasset" 167
"../../../../Pixelate/Game design elements/unreal sessions/NewMigratedCity/Content/Main/Maps/MainMenu_Map.umap" 168
"../../../../Pixelate/Game design elements/unreal sessions/NewMigratedCity/Content/Mannequin/Character/Mesh/UE4_Mannequin_Skeleton.uasset" 169
"../../../../Pixelate/Game design elements/unreal sessions/NewMigratedCity/Content/Mannequin/Animations/ThirdPerson_Jump.uasset" 170
"../../../../Pixelate/Game design elements/unreal sessions/NewMigratedCity/Content/Mannequin/Animations/ThirdPersonJump_Loop.uasset" 171
"../../../../Pixelate/Game design elements/unreal sessions/NewMigratedCity/Content/Mannequin/Animations/ThirdPersonJump_Start.uasset" 172
"../../../../Pixelate/Game design elements/unreal sessions/NewMigratedCity/Content/Mannequin/Animations/ThirdPersonIdle.uasset" 173
"../../../../Pixelate/Game design elements/unreal sessions/NewMigratedCity/Content/Main/Audio/foot_1.uasset" 174
"../../../../Pixelate/Game design elements/unreal sessions/NewMigratedCity/Content/Main/Audio/foot_1_Cue.uasset" 175
"../../../../Pixelate/Game design elements/unreal sessions/NewMigratedCity/Content/Main/Audio/foot_2.uasset" 176
"../../../../Pixelate/Game design elements/unreal sessions/NewMigratedCity/Content/Main/Audio/foot_2_Cue.uasset" 177
"../../../../Pixelate/Game design elements/unreal sessions/NewMigratedCity/Content/Mannequin/Animations/ThirdPersonRun.uasset" 178
"../../../../Pixelate/Game design elements/unreal sessions/NewMigratedCity/Content/Mannequin/Animations/ThirdPersonWalk.uasset" 179
"../../../../Pixelate/Game design elements/unreal sessions/NewMigratedCity/Content/Mannequin/Animations/ThirdPerson_IdleRun_2D.uasset" 180
"../../../Engine/Content/EditorBlueprintResources/StandardMacros.uasset" 181
"../../../../Pixelate/Game design elements/unreal sessions/NewMigratedCity/Content/Mannequin/Animations/ThirdPerson_AnimBP.uasset" 182
"../../../../Pixelate/Game design elements/unreal sessions/NewMigratedCity/Content/Main/Assets/Objects/SmallObjects/BatteryPack1.uasset" 183
"../../../../Pixelate/Game design elements/unreal sessions/NewMigratedCity/Content/Main/Assets/Objects/SmallObjects/palette.uasset" 184
"../../../../Pixelate/Game design elements/unreal sessions/NewMigratedCity/Content/Main/Assets/Objects/SmallObjects/BatteryPack.uasset" 185
"../../../../Pixelate/Game design elements/unreal sessions/NewMigratedCity/Content/Main/Blueprints/BP_BatteryPowerup.uasset" 186
"../../../../Pixelate/Game design elements/unreal sessions/NewMigratedCity/Content/Main/Blueprints/BP_CameraShakeAccel.uasset" 187
"../../../Engine/Content/EngineMeshes/Humanoid.uasset" 188
"../../../../Pixelate/Game design elements/unreal sessions/NewMigratedCity/Content/Main/Assets/Characters/Crawl/Crawling_Skeleton.uasset" 189
"../../../../Pixelate/Game design elements/unreal sessions/NewMigratedCity/Content/StarterContent/Audio/Explosion_Cue.uasset" 190
"../../../../Pixelate/Game design elements/unreal sessions/NewMigratedCity/Content/StarterContent/Textures/T_Burst_M.uasset" 191
"../../../../Pixelate/Game design elements/unreal sessions/NewMigratedCity/Content/StarterContent/Particles/Materials/M_Burst.uasset" 192
"../../../../Pixelate/Game design elements/unreal sessions/NewMigratedCity/Content/StarterContent/Textures/T_Explosion_SubUV.uasset" 193
"../../../../Pixelate/Game design elements/unreal sessions/NewMigratedCity/Content/StarterContent/Particles/Materials/M_explosion_subUV.uasset" 194
"../../../../Pixelate/Game design elements/unreal sessions/NewMigratedCity/Content/StarterContent/Particles/Materials/m_flare_01.uasset" 195
"../../../Engine/Content/Functions/Engine_MaterialFunctions01/Gradient/RadialGradient.uasset" 196
"../../../../Pixelate/Game design elements/unreal sessions/NewMigratedCity/Content/StarterContent/Particles/Materials/M_radial_ramp.uasset" 197
"../../../../Pixelate/Game design elements/unreal sessions/NewMigratedCity/Content/StarterContent/Textures/T_Smoke_SubUV.uasset" 198
"../../../../Pixelate/Game design elements/unreal sessions/NewMigratedCity/Content/StarterContent/Textures/T_Smoke_Tiled_D.uasset" 199
"../../../../Pixelate/Game design elements/unreal sessions/NewMigratedCity/Content/StarterContent/Particles/Materials/M_smoke_subUV.uasset" 200
"../../../../Pixelate/Game design elements/unreal sessions/NewMigratedCity/Content/StarterContent/Particles/P_Explosion.uasset" 201
"../../../../Pixelate/Game design elements/unreal sessions/NewMigratedCity/Content/Main/Assets/Characters/Crawl/Standing_Melee_Run_Jump_Attack__1__Anim.uasset" 202
"../../../../Pixelate/Game design elements/unreal sessions/NewMigratedCity/Content/Main/Assets/Characters/Crawl/Crawling_Anim.uasset" 203
"../../../../Pixelate/Game design elements/unreal sessions/NewMigratedCity/Content/Main/Assets/Characters/Crawl/SlowCrawlAnim.uasset" 204
"../../../../Pixelate/Game design elements/unreal sessions/NewMigratedCity/Content/Main/Assets/Characters/Crawl/NewBlendSpace1D.uasset" 205
"../../../../Pixelate/Game design elements/unreal sessions/NewMigratedCity/Content/Main/Assets/Characters/Crawl/AB_Crawler.uasset" 206
"../../../../Pixelate/Game design elements/unreal sessions/NewMigratedCity/Content/Main/Blueprints/BP_CameraShakeDeath.uasset" 207
"../../../../Pixelate/Game design elements/unreal sessions/NewMigratedCity/Content/Main/Materials/M_SafeZone.uasset" 208
"../../../Engine/Content/BasicShapes/Cylinder.uasset" 209
"../../../../Pixelate/Game design elements/unreal sessions/NewMigratedCity/Content/Main/Audio/CheckpointRecharge.uasset" 210
"../../../../Pixelate/Game design elements/unreal sessions/NewMigratedCity/Content/Main/Blueprints/BP_Checkpoint4.uasset" 211
"../../../../Pixelate/Game design elements/unreal sessions/NewMigratedCity/Content/Main/Assets/Characters/Crawl/Default_OBJ.uasset" 212
"../../../../Pixelate/Game design elements/unreal sessions/NewMigratedCity/Content/Main/Assets/Characters/Crawl/Crawling_PhysicsAsset.uasset" 213
"../../../../Pixelate/Game design elements/unreal sessions/NewMigratedCity/Content/Main/Assets/Characters/Crawl/Crawling.uasset" 214
"../../../../Pixelate/Game design elements/unreal sessions/NewMigratedCity/Content/Main/Audio/damo_crazy_laugh.uasset" 215
"../../../../Pixelate/Game design elements/unreal sessions/NewMigratedCity/Content/Main/Audio/damo_crazy_laugh_Cue.uasset" 216
"../../../../Pixelate/Game design elements/unreal sessions/NewMigratedCity/Content/Main/Blueprints/Ch_BadGuy.uasset" 217
"../../../../Pixelate/Game design elements/unreal sessions/NewMigratedCity/Content/Main/Assets/Characters/Daniel_Figure_Final.uasset" 218
"../../../../Pixelate/Game design elements/unreal sessions/NewMigratedCity/Content/Main/Audio/BatteryPickupv2.uasset" 219
"../../../../Pixelate/Game design elements/unreal sessions/NewMigratedCity/Content/Main/Audio/BatteryPickupv2_Cue.uasset" 220
"../../../../Pixelate/Game design elements/unreal sessions/NewMigratedCity/Content/Main/Audio/buz_chair.uasset" 221
"../../../../Pixelate/Game design elements/unreal sessions/NewMigratedCity/Content/Main/Audio/buz_chair_Cue.uasset" 222
"../../../../Pixelate/Game design elements/unreal sessions/NewMigratedCity/Content/Main/Audio/pass_by_sound_1.uasset" 223
"../../../../Pixelate/Game design elements/unreal sessions/NewMigratedCity/Content/Main/Audio/pass_by_sound_1_Cue.uasset" 224
"../../../../Pixelate/Game design elements/unreal sessions/NewMigratedCity/Content/Main/Textures/blooddrop.uasset" 225
"../../../../Pixelate/Game design elements/unreal sessions/NewMigratedCity/Content/Main/Textures/blooddrop_Mat.uasset" 226
"../../../../Pixelate/Game design elements/unreal sessions/NewMigratedCity/Content/Main/Particles/PS_BloodSplatter.uasset" 227
"../../../../Pixelate/Game design elements/unreal sessions/NewMigratedCity/Content/Main/Widgets/GameOver_HUD.uasset" 228
"../../../../Pixelate/Game design elements/unreal sessions/NewMigratedCity/Content/Main/Widgets/PauseMenu_HUD.uasset" 229
"../../../../Pixelate/Game design elements/unreal sessions/NewMigratedCity/Content/Main/Blueprints/Ch_Main.uasset" 230
"../../../Engine/Content/EngineSky/C_Sky_Cloud_Color.uasset" 231
"../../../Engine/Content/EngineSky/C_Sky_Horizon_Color.uasset" 232
"../../../Engine/Content/EngineSky/C_Sky_Zenith_Color.uasset" 233
"../../../Engine/Content/EngineSky/T_Sky_Blue.uasset" 234
"../../../Engine/Content/EngineSky/T_Sky_Clouds_M.uasset" 235
"../../../Engine/Content/EngineSky/T_Sky_Stars.uasset" 236
"../../../Engine/Content/EngineSky/M_Sky_Panning_Clouds2.uasset" 237
"../../../Engine/Content/EngineSky/SM_SkySphere.uasset" 238
"../../../Engine/Content/EngineSky/BP_Sky_Sphere.uasset" 239
"../../../../Pixelate/Game design elements/unreal sessions/NewMigratedCity/Content/Main/Assets/Objects/SmallObjects/LightPole.uasset" 240
"../../../../Pixelate/Game design elements/unreal sessions/NewMigratedCity/Content/Main/Assets/Objects/SmallObjects/Lightpole_BP.uasset" 241
"../../../../Pixelate/Game design elements/unreal sessions/NewMigratedCity/Content/Main/Blueprints/BP_Checkpoint3.uasset" 242
"../../../../Pixelate/Game design elements/unreal sessions/NewMigratedCity/Content/Main/Blueprints/BP_Checkpoint2.uasset" 243
"../../../../Pixelate/Game design elements/unreal sessions/NewMigratedCity/Content/Main/Blueprints/BP_Checkpoint1.uasset" 244
"../../../../Pixelate/Game design elements/unreal sessions/NewMigratedCity/Content/Main/Materials/Grass_M.uasset" 245
"../../../../Pixelate/Game design elements/unreal sessions/NewMigratedCity/Content/Main/Materials/Gutter_M.uasset" 246
"../../../Engine/Content/BasicShapes/Cone.uasset" 247
"../../../../Pixelate/Game design elements/unreal sessions/NewMigratedCity/Content/Main/Blueprints/BP_Statue.uasset" 248
"../../../../Pixelate/Game design elements/unreal sessions/NewMigratedCity/Content/Main/Blueprints/EdgeOfMap_BP.uasset" 249
"../../../Engine/Content/BasicShapes/Cube.uasset" 250
"../../../../Pixelate/Game design elements/unreal sessions/NewMigratedCity/Content/Main/Blueprints/Landscape/BP_Gutter16__x1.uasset" 251
"../../../../Pixelate/Game design elements/unreal sessions/NewMigratedCity/Content/Main/Blueprints/Landscape/BP_Gutter1x1.uasset" 252
"../../../../Pixelate/Game design elements/unreal sessions/NewMigratedCity/Content/Main/Blueprints/Landscape/BP_Gutter2x1.uasset" 253
"../../../../Pixelate/Game design elements/unreal sessions/NewMigratedCity/Content/Main/Blueprints/Landscape/BP_Gutter32x1.uasset" 254
"../../../../Pixelate/Game design elements/unreal sessions/NewMigratedCity/Content/Main/Blueprints/Landscape/BP_Gutter4x1.uasset" 255
"../../../../Pixelate/Game design elements/unreal sessions/NewMigratedCity/Content/Main/Blueprints/Landscape/BP_Gutter8x1.uasset" 256
"../../../../Pixelate/Game design elements/unreal sessions/NewMigratedCity/Content/Main/Maps/Map_2_BuiltData.uasset" 257
"../../../../Pixelate/Game design elements/unreal sessions/NewMigratedCity/Content/Main/Materials/Ground_M.uasset" 258
"../../../../Pixelate/Game design elements/unreal sessions/NewMigratedCity/Content/Main/Widgets/W_HUD.uasset" 259
"../../../Engine/Content/BasicShapes/Plane.uasset" 260
"../../../Engine/Content/EngineMaterials/DefaultPhysicalMaterial.uasset" 261
"../../../../Pixelate/Game design elements/unreal sessions/NewMigratedCity/Content/Main/Assets/Objects/Trees/LowPoly/no.uasset" 262
"../../../../Pixelate/Game design elements/unreal sessions/NewMigratedCity/Content/Main/Assets/Objects/Trees/LowPoly/LowPolyTreeIt.uasset" 263
"../../../../Pixelate/Game design elements/unreal sessions/NewMigratedCity/Content/Main/Assets/Structures/Building1.uasset" 264
"../../../../Pixelate/Game design elements/unreal sessions/NewMigratedCity/Content/Main/Assets/Structures/Building2.uasset" 265
"../../../../Pixelate/Game design elements/unreal sessions/NewMigratedCity/Content/Main/Assets/Structures/Building3.uasset" 266
"../../../../Pixelate/Game design elements/unreal sessions/NewMigratedCity/Content/Main/Audio/robs_step_dads_concert.uasset" 267
"../../../../Pixelate/Game design elements/unreal sessions/NewMigratedCity/Content/Main/Audio/robs_step_dads_concert_Cue.uasset" 268
"../../Plugins/2D/Paper2D/Content/TranslucentUnlitSpriteMaterial.uasset" 269
"../../../../Pixelate/Game design elements/unreal sessions/NewMigratedCity/Content/Main/Textures/cityskyline.uasset" 270
"../../../../Pixelate/Game design elements/unreal sessions/NewMigratedCity/Content/Main/Textures/cityskyline_Sprite.uasset" 271
"../../../../Pixelate/Game design elements/unreal sessions/NewMigratedCity/Content/Main/Maps/Map_2.umap" 272
"../../../Engine/Content/Maps/Entry_BuiltData.uasset" 273
"../../../Engine/Content/Maps/Entry.umap" 274
